<?xml version="1.0" encoding="UTF-8"?>
<testng-results ignored="0" total="2" passed="2" failed="0" skipped="0">
  <reporter-output>
  </reporter-output>
  <suite started-at="2025-02-10T13:39:39 GMT+04:00" name="Surefire suite" finished-at="2025-02-10T13:40:03 GMT+04:00" duration-ms="23351">
    <groups>
    </groups>
    <test started-at="2025-02-10T13:39:39 GMT+04:00" name="Surefire test" finished-at="2025-02-10T13:40:03 GMT+04:00" duration-ms="23351">
      <class name="ge.automation.tests.LoginTest">
        <test-method is-config="true" signature="setUp()[pri:0, instance:ge.automation.tests.LoginTest@5db250b4]" started-at="2025-02-10T13:39:39 GMT+04:00" name="setUp" finished-at="2025-02-10T13:39:51 GMT+04:00" duration-ms="11236" status="PASS">
          <reporter-output>
          </reporter-output>
        </test-method> <!-- setUp -->
        <test-method signature="testLoginButtonTextColor()[pri:0, instance:ge.automation.tests.LoginTest@5db250b4]" started-at="2025-02-10T13:39:51 GMT+04:00" name="testLoginButtonTextColor" finished-at="2025-02-10T13:39:51 GMT+04:00" duration-ms="600" status="PASS">
          <reporter-output>
          </reporter-output>
        </test-method> <!-- testLoginButtonTextColor -->
        <test-method is-config="true" signature="tearDown()[pri:0, instance:ge.automation.tests.LoginTest@5db250b4]" started-at="2025-02-10T13:39:51 GMT+04:00" name="tearDown" finished-at="2025-02-10T13:39:51 GMT+04:00" duration-ms="95" status="PASS">
          <reporter-output>
          </reporter-output>
        </test-method> <!-- tearDown -->
        <test-method is-config="true" signature="setUp()[pri:0, instance:ge.automation.tests.LoginTest@5db250b4]" started-at="2025-02-10T13:39:51 GMT+04:00" name="setUp" finished-at="2025-02-10T13:39:59 GMT+04:00" duration-ms="7744" status="PASS">
          <reporter-output>
          </reporter-output>
        </test-method> <!-- setUp -->
        <test-method signature="testValidLogin()[pri:0, instance:ge.automation.tests.LoginTest@5db250b4]" started-at="2025-02-10T13:39:59 GMT+04:00" name="testValidLogin" finished-at="2025-02-10T13:40:03 GMT+04:00" duration-ms="3563" status="PASS">
          <reporter-output>
          </reporter-output>
        </test-method> <!-- testValidLogin -->
        <test-method is-config="true" signature="tearDown()[pri:0, instance:ge.automation.tests.LoginTest@5db250b4]" started-at="2025-02-10T13:40:03 GMT+04:00" name="tearDown" finished-at="2025-02-10T13:40:03 GMT+04:00" duration-ms="90" status="PASS">
          <reporter-output>
          </reporter-output>
        </test-method> <!-- tearDown -->
      </class> <!-- ge.automation.tests.LoginTest -->
    </test> <!-- Surefire test -->
  </suite> <!-- Surefire suite -->
</testng-results>
